[21:51:01] [ServerMain/INFO]: [bootstrap] Running Java 25 (OpenJDK 64-Bit Server VM 25.0.3+9-2-24.04.2-Ubuntu; Ubuntu null) on Linux 6.8.0-1052-azure (amd64)
[21:51:01] [ServerMain/INFO]: [bootstrap] Loading Paper 26.1.2-60-main@b4682bf (2026-05-04T06:25:04Z) for Minecraft 26.1.2
[21:51:01] [ServerMain/INFO]: [PluginInitializerManager] Initializing plugins...
[21:51:02] [ServerMain/INFO]: [PluginInitializerManager] Initialized 6 plugins
[21:51:02] [ServerMain/INFO]: [PluginInitializerManager] Bukkit plugins (6):
 - AxGraves (1.29.0), ClansLite (1.6.4), Essentials (2.22.0), GSit (3.4.2), LuckPerms (5.5.53), SkinsRestorer (15.12.3)
[21:51:06] [ServerMain/INFO]: Environment: Environment[sessionHost=https://sessionserver.mojang.com, servicesHost=https://api.minecraftservices.com, profilesHost=https://api.mojang.com, name=PROD]
[21:51:08] [ServerMain/INFO]: Loaded 1515 recipes
[21:51:08] [ServerMain/INFO]: Loaded 1617 advancements
[21:51:08] [ServerMain/INFO]: [ca.spottedleaf.dataconverter.minecraft.datatypes.MCTypeRegistry] Initialising converters for DataConverter...
[21:51:09] [ServerMain/INFO]: [ca.spottedleaf.dataconverter.minecraft.datatypes.MCTypeRegistry] Finished initialising converters for DataConverter in 588.6ms
[21:51:09] [Server thread/INFO]: Starting minecraft server version 26.1.2
[21:51:09] [Server thread/INFO]: Loading properties
[21:51:09] [Server thread/INFO]: This server is running Paper version 26.1.2-60-main@b4682bf (2026-05-04T06:25:04Z) (Implementing API version 26.1.2.build.60-stable)
[21:51:09] [Server thread/INFO]: [spark] This server bundles the spark profiler. For more information please visit https://docs.papermc.io/paper/profiling
[21:51:10] [Server thread/INFO]: Server Ping Player Sample Count: 12
[21:51:10] [Server thread/INFO]: Using 4 threads for Netty based IO
[21:51:11] [Server thread/INFO]: [MoonriseCommon] Paper is using 1 worker threads, 1 I/O threads
[21:51:11] [Server thread/INFO]: Default game type: SURVIVAL
[21:51:11] [Server thread/INFO]: Generating keypair
[21:51:11] [Server thread/INFO]: Starting Minecraft server on *:25565
[21:51:11] [Server thread/INFO]: Paper: Using libdeflate (Linux x86_64) compression from Velocity.
[21:51:11] [Server thread/INFO]: Paper: Using OpenSSL 3.x.x (Linux x86_64) cipher from Velocity.
[21:51:12] [Server thread/INFO]: [SpigotLibraryLoader] [ClansLite] Loading 3 libraries... please wait
[21:51:12] [Server thread/INFO]: [SpigotLibraryLoader] [ClansLite] Loaded library /workspaces/MAMALA/servidor_minecraft/libraries/commons-codec/commons-codec/1.19.0/commons-codec-1.19.0.jar
[21:51:12] [Server thread/INFO]: [SpigotLibraryLoader] [ClansLite] Loaded library /workspaces/MAMALA/servidor_minecraft/libraries/org/apache/commons/commons-lang3/3.18.0/commons-lang3-3.18.0.jar
[21:51:12] [Server thread/INFO]: [SpigotLibraryLoader] [ClansLite] Loaded library /workspaces/MAMALA/servidor_minecraft/libraries/commons-lang/commons-lang/1.0.1/commons-lang-1.0.1.jar
[21:51:12] [Server thread/INFO]: [LuckPerms] Loading server plugin LuckPerms v5.5.53
[21:51:12] [Server thread/INFO]: [LuckPerms] Loading configuration...
[21:51:12] [Server thread/INFO]: [Essentials] Loading server plugin Essentials v2.22.0
[21:51:12] [Server thread/INFO]: [SkinsRestorer] Loading server plugin SkinsRestorer v15.12.3
[21:51:12] [Server thread/INFO]: [GSit] Loading server plugin GSit v3.4.2
[21:51:12] [Server thread/INFO]: [ClansLite] Loading server plugin ClansLite v1.6.4
[21:51:13] [Server thread/INFO]: ClansLite:  [warning] - -------------------------------------------
[21:51:13] [Server thread/INFO]: ClansLite:  [warning] - Your server version is: 26.1.2-60-b4682bf (MC: 26.1.2)
[21:51:13] [Server thread/INFO]: ClansLite:  [warning] - This plugin is only tested on the Minecraft versions listed below:
[21:51:13] [Server thread/INFO]: ClansLite:  [warning] - 1.16.x
[21:51:13] [Server thread/INFO]: ClansLite:  [warning] - 1.17.x
[21:51:13] [Server thread/INFO]: ClansLite:  [warning] - 1.18.x
[21:51:13] [Server thread/INFO]: ClansLite:  [warning] - 1.19.x
[21:51:13] [Server thread/INFO]: ClansLite:  [warning] - 1.20.x
[21:51:13] [Server thread/INFO]: ClansLite:  [warning] - 1.21.x
[21:51:13] [Server thread/INFO]: ClansLite:  [warning] - 26.x.x
[21:51:13] [Server thread/INFO]: ClansLite:  [warning] - NO SUPPORT OR DEVELOPMENT HELP IS GUARANTEED FOR OTHER VERSIONS!
[21:51:13] [Server thread/INFO]: ClansLite:  [warning] - -------------------------------------------
[21:51:13] [Server thread/INFO]: ClansLite:  -------------------------------------------
[21:51:13] [Server thread/INFO]: ClansLite:  ClansLite-API has been registered successfully!
[21:51:13] [Server thread/INFO]: ClansLite:  -------------------------------------------
[21:51:13] [Server thread/INFO]: [AxGraves] Loading server plugin AxGraves v1.29.0
[21:51:13] [Server thread/INFO]: Server permissions file permissions.yml is empty, ignoring it
[21:51:13] [Server thread/INFO]: [LuckPerms] Enabling LuckPerms v5.5.53
[21:51:13] [Server thread/INFO]:         __    
[21:51:13] [Server thread/INFO]:   |    |__)   LuckPerms v5.5.53
[21:51:13] [Server thread/INFO]:   |___ |      Running on Bukkit - Paper
[21:51:13] [Server thread/INFO]: 
[21:51:13] [Server thread/INFO]: [LuckPerms] Loading storage provider... [H2]
[21:51:14] [Server thread/INFO]: [LuckPerms] Loading internal permission managers...
[21:51:14] [Server thread/INFO]: [LuckPerms] Performing initial data load...
[21:51:14] [Server thread/INFO]: [LuckPerms] Successfully enabled. (took 1437ms)
[21:51:14] [Server thread/INFO]: [SkinsRestorer] Enabling SkinsRestorer v15.12.3
[21:51:15] [Server thread/INFO]: [SkinsRestorer] Running on Minecraft 26.1.2.
[21:51:15] [Server thread/INFO]: [SkinsRestorer] Using paper join listener!
[21:51:15] [Server thread/WARN]: **** SERVER IS RUNNING IN OFFLINE/INSECURE MODE!
[21:51:15] [Server thread/WARN]: The server will make no attempt to authenticate usernames. Beware.
[21:51:15] [Server thread/WARN]: While this makes the game possible to play without internet access, it also opens up the ability for hackers to connect with any username they choose.
[21:51:15] [Server thread/WARN]: To change this, set "online-mode" to "true" in the server.properties file.
[21:51:15] [Server thread/INFO]: Preparing level "world"
[21:51:16] [Folia Async Scheduler Thread #1/INFO]: [SkinsRestorer] ----------------------------------------------
[21:51:16] [Folia Async Scheduler Thread #1/INFO]: [SkinsRestorer]     +===================+
[21:51:16] [Folia Async Scheduler Thread #1/INFO]: [SkinsRestorer]     |   SkinsRestorer   |
[21:51:16] [Folia Async Scheduler Thread #1/INFO]: [SkinsRestorer]     |-------------------|
[21:51:16] [Folia Async Scheduler Thread #1/INFO]: [SkinsRestorer]     |  Standalone Mode  |
[21:51:16] [Folia Async Scheduler Thread #1/INFO]: [SkinsRestorer]     +===================+
[21:51:16] [Folia Async Scheduler Thread #1/INFO]: [SkinsRestorer] ----------------------------------------------
[21:51:16] [Folia Async Scheduler Thread #1/INFO]: [SkinsRestorer]     Version: 15.12.3
[21:51:16] [Folia Async Scheduler Thread #1/INFO]: [SkinsRestorer]     Commit: 03cc9fd
[21:51:16] [Folia Async Scheduler Thread #1/INFO]: [SkinsRestorer]     This is the latest version!
[21:51:16] [Folia Async Scheduler Thread #1/INFO]: [SkinsRestorer] ----------------------------------------------
[21:51:16] [Folia Async Scheduler Thread #1/INFO]: [SkinsRestorer] Do you have issues? Read our troubleshooting guide: https://skinsrestorer.net/docs/troubleshooting
[21:51:16] [Folia Async Scheduler Thread #1/INFO]: [SkinsRestorer] Want to support SkinsRestorer or receive priority support? Become a supporter: https://skinsrestorer.net/pricing
[21:51:16] [Server thread/INFO]: Loading 0 persistent chunks for level 'minecraft:overworld'...
[21:51:16] [Server thread/INFO]: Prepared spawn area in 0 ms
[21:51:16] [Server thread/INFO]: Loading 0 persistent chunks for level 'minecraft:the_nether'...
[21:51:16] [Server thread/INFO]: Prepared spawn area in 0 ms
[21:51:16] [Server thread/INFO]: Loading 0 persistent chunks for level 'minecraft:the_end'...
[21:51:16] [Server thread/INFO]: Prepared spawn area in 0 ms
[21:51:16] [Server thread/INFO]: Done preparing level "world" (0.573s)
[21:51:16] [Server thread/INFO]: [Essentials] Enabling Essentials v2.22.0
[21:51:16] [Server thread/INFO]: [Essentials] Attempting to convert old kits in config.yml to new kits.yml
[21:51:16] [Server thread/INFO]: [Essentials] No kits found to migrate.
[21:51:16] [Server thread/INFO]: [Essentials] Selected 1.20.4+ Damage Event Provider as the provider for DamageEventProvider
[21:51:16] [Server thread/INFO]: [Essentials] Selected 1.14.4+ Persistent Data Container Provider as the provider for PersistentDataProvider
[21:51:16] [Server thread/INFO]: [Essentials] Selected 1.20.5+ Banner Data Provider as the provider for BannerDataProvider
[21:51:16] [Server thread/INFO]: [Essentials] Selected Reflection Formatted Command Alias Provider as the provider for FormattedCommandAliasProvider
[21:51:16] [Server thread/INFO]: [Essentials] Selected 1.12.2+ Player Locale Provider as the provider for PlayerLocaleProvider
[21:51:16] [Server thread/INFO]: [Essentials] Selected Paper Material Tag Provider as the provider for MaterialTagProvider
[21:51:16] [Server thread/INFO]: [Essentials] Selected Reflection Online Mode Provider as the provider for OnlineModeProvider
[21:51:16] [Server thread/INFO]: [Essentials] Selected Paper Known Commands Provider as the provider for KnownCommandsProvider
[21:51:16] [Server thread/INFO]: [Essentials] Selected 1.20.6+ Potion Meta Provider as the provider for PotionMetaProvider
[21:51:16] [Server thread/INFO]: [Essentials] Selected 1.14+ Sign Data Provider as the provider for SignDataProvider
[21:51:16] [Server thread/INFO]: [Essentials] Selected Paper Server State Provider as the provider for ServerStateProvider
[21:51:16] [Server thread/INFO]: [Essentials] Selected 1.21+ InventoryView Interface ABI Provider as the provider for InventoryViewProvider
[21:51:16] [Server thread/INFO]: [Essentials] Selected Paper Tick Count Provider as the provider for TickCountProvider
[21:51:16] [Server thread/INFO]: [Essentials] Selected Legacy Biome Name Provider as the provider for BiomeNameProvider
[21:51:16] [Server thread/INFO]: [Essentials] Selected Paper Biome Key Provider as the provider for BiomeKeyProvider
[21:51:16] [Server thread/INFO]: [Essentials] Selected Paper 1.13+ Tile Entity Provider as the provider for TileEntityProvider
[21:51:16] [Server thread/INFO]: [Essentials] Selected 1.13+ Spawn Egg Provider as the provider for SpawnEggProvider
[21:51:16] [Server thread/INFO]: [Essentials] Selected 1.8.3+ Spawner Item Provider as the provider for SpawnerItemProvider
[21:51:16] [Server thread/INFO]: [Essentials] Selected 1.11+ Item Unbreakable Provider as the provider for ItemUnbreakableProvider
[21:51:16] [Server thread/INFO]: [Essentials] Selected 1.17.1+ World Info Provider as the provider for WorldInfoProvider
[21:51:16] [Server thread/INFO]: [Essentials] Selected 1.12+ Spawner Block Provider as the provider for SpawnerBlockProvider
[21:51:16] [Server thread/INFO]: [Essentials] Selected 1.21.4+ Sync Commands Provider as the provider for SyncCommandsProvider
[21:51:16] [Server thread/INFO]: [Essentials] Selected Paper Serialization Provider as the provider for SerializationProvider
[21:51:16] [Server thread/INFO]: [Essentials] Selected Paper Container Provider as the provider for ContainerProvider
[21:51:17] [Server thread/INFO]: [Essentials] Loaded 46312 items from items.json.
[21:51:17] [Server thread/INFO]: [Essentials] Using locale en
[21:51:17] [Server thread/INFO]: [Essentials] ServerListPingEvent: Spigot iterator API
[21:51:17] [Server thread/INFO]: [Essentials] Starting Metrics. Opt-out using the global bStats config.
[21:51:17] [Server thread/WARN]: [Essentials] Detected supported permissions plugin LuckPerms without Vault installed.
[21:51:17] [Server thread/WARN]: [Essentials] Features such as chat prefixes/suffixes and group-related functionality will not work until you install Vault.
[21:51:17] [Server thread/INFO]: [Essentials] Using superperms-based permissions.
[21:51:17] [Server thread/INFO]: [GSit] Enabling GSit v3.4.2
[21:51:17] [Server thread/INFO]: [GSit] The plugin was successfully enabled.
[21:51:17] [Server thread/INFO]: [ClansLite] Enabling ClansLite v1.6.4
[21:51:17] [Server thread/INFO]: ClansLite:  -------------------------------------------
[21:51:17] [Server thread/INFO]: ClansLite:  Adventure Library hooked successfully!
[21:51:17] [Server thread/INFO]: ClansLite:  Loading data from local files
[21:51:17] [Server thread/INFO]: ClansLite:  -------------------------------------------
[21:51:17] [Server thread/INFO]: ClansLite:  All clans loaded from clans.yml successfully!
[21:51:17] [Server thread/INFO]: ClansLite:  -------------------------------------------
[21:51:17] [Server thread/INFO]: ClansLite:  All users loaded from usermap.yml successfully!
[21:51:17] [Server thread/INFO]: ClansLite:  -------------------------------------------
[21:51:17] [Server thread/INFO]: ClansLite:  Global GUI system enabled!
[21:51:17] [Server thread/INFO]: ClansLite:  Chest protection system enabled!
[21:51:17] [Server thread/INFO]: ClansLite:  -------------------------------------------
[21:51:17] [Server thread/INFO]: ClansLite:  PlaceholderAPI not found!
[21:51:17] [Server thread/INFO]: ClansLite:  External placeholders disabled!
[21:51:17] [Server thread/INFO]: ClansLite:  -------------------------------------------
[21:51:17] [Server thread/INFO]: ClansLite:  -------------------------------------------
[21:51:17] [Server thread/INFO]: ClansLite:  FloodgateApi not found!
[21:51:17] [Server thread/INFO]: ClansLite:  Bedrock support may not function!
[21:51:17] [Server thread/INFO]: ClansLite:  -------------------------------------------
[21:51:17] [Server thread/INFO]: ClansLite:  -------------------------------------------
[21:51:17] [Server thread/INFO]: ClansLite:  Plugin by: Loving11ish
[21:51:17] [Server thread/INFO]: ClansLite:  has been loaded successfully
[21:51:17] [Server thread/INFO]: ClansLite:  Plugin Version: 1.6.4
[21:51:17] [Server thread/INFO]: ClansLite:  -------------------------------------------
[21:51:17] [Server thread/INFO]: ClansLite:  -------------------------------------------
[21:51:17] [Server thread/INFO]: [AxGraves] Enabling AxGraves v1.29.0
[21:51:17] [Folia Async Scheduler Thread #2/INFO]: [GSit] New version available: 3.5.1! Current version: 3.4.2! Download the latest version: https://modrinth.com/plugin/gsit
[21:51:18] [Server thread/INFO]: [spark] Starting background profiler...
[21:51:19] [Server thread/INFO]: Saving chunks for level 'ServerLevel[world]'/minecraft:overworld
[21:51:19] [Server thread/INFO]: Saving chunks for level 'ServerLevel[world]'/minecraft:the_nether
[21:51:19] [Server thread/INFO]: Saving chunks for level 'ServerLevel[world]'/minecraft:the_end
[21:51:19] [Server thread/INFO]: ThreadedAnvilChunkStorage (world): All chunks are saved
[21:51:19] [Server thread/INFO]: ThreadedAnvilChunkStorage (DIM-1): All chunks are saved
[21:51:19] [Server thread/INFO]: ThreadedAnvilChunkStorage (DIM1): All chunks are saved
[21:51:19] [Server thread/INFO]: ThreadedAnvilChunkStorage: All dimensions are saved
[21:51:19] [Server thread/INFO]: Running delayed init tasks
[21:51:19] [Craft Scheduler Thread - 3 - Essentials/INFO]: [Essentials] Fetching version information...
[21:51:19] [Server thread/INFO]: Done (18.916s)! For help, type "help"
[21:51:19] [Craft Scheduler Thread - 0 - ClansLite/INFO]: ClansLite:  *-------------------------------------------*
[21:51:19] [Craft Scheduler Thread - 0 - ClansLite/INFO]: ClansLite:  Plugin is up to date!
[21:51:19] [Craft Scheduler Thread - 0 - ClansLite/INFO]: ClansLite:  *-------------------------------------------*
[21:51:19] [Paper Async Task Handler Thread - 1/INFO]: *** Currently you are 12 build(s) behind ***
[21:51:19] [Paper Async Task Handler Thread - 1/INFO]: *** It is highly recommended to download the latest build from https://papermc.io/downloads/paper ***
[21:51:24] [Craft Scheduler Thread - 2 - ClansLite/INFO]: ClansLite:  Auto save task has started.
[21:51:24] [Craft Scheduler Thread - 3 - ClansLite/INFO]: ClansLite:  Started top clan points cache update task.
[21:51:24] [Craft Scheduler Thread - 3 - ClansLite/INFO]: ClansLite:  Started top player points cache update task.
[21:51:24] [Craft Scheduler Thread - 0 - ClansLite/INFO]: ClansLite:  Auto invite wipe task has started.
[21:51:25] [Craft Scheduler Thread - 3 - ClansLite/INFO]: ClansLite:  Cleared all outstanding clan invites!
[21:51:29] [Craft Scheduler Thread - 3 - ClansLite/INFO]: ClansLite:  -------------------------------------------
[21:51:29] [Craft Scheduler Thread - 3 - ClansLite/INFO]: ClansLite:  EssentialsXAPI found!
[21:51:29] [Craft Scheduler Thread - 3 - ClansLite/INFO]: ClansLite:  Native EssentialsX Chat support enabled!
[21:51:29] [Craft Scheduler Thread - 3 - ClansLite/INFO]: ClansLite:  [warning] - EssentialsX is using Paper's AsyncChatEvent
[21:51:29] [Craft Scheduler Thread - 3 - ClansLite/INFO]: ClansLite:  [warning] - This WILL prevent the {CLAN} placeholder from working!
[21:51:29] [Craft Scheduler Thread - 3 - ClansLite/INFO]: ClansLite:  [info] - If you want to use EssentialsX chat with ClansLite,
[21:51:29] [Craft Scheduler Thread - 3 - ClansLite/INFO]: ClansLite:  [info] - Please disable the use of Paper's AsyncChatEvent in EssentialsX config.yml
[21:51:29] [Craft Scheduler Thread - 3 - ClansLite/INFO]: ClansLite:  [info] - Only PlaceholderAPI placeholders will work if the plugin is installed!
[21:51:29] [Craft Scheduler Thread - 3 - ClansLite/INFO]: ClansLite:  -------------------------------------------
[21:53:28] [User Authenticator #0/INFO]: UUID of player Gatomomos is cffbe749-d456-3312-a5b1-d3e4141d0d6d
[21:53:28] [Server thread/INFO]: [HorriblePlayerLoginEventHack] You have plugins listening to the PlayerLoginEvent, this will cause re-configuration APIs to be unavailable: [LuckPerms]
[21:53:30] [Server thread/INFO]: Gatomomos (cffbe749-d456-3312-a5b1-d3e4141d0d6d) lost connection: Disconnected
[21:53:39] [User Authenticator #1/INFO]: UUID of player Gatomomos is cffbe749-d456-3312-a5b1-d3e4141d0d6d
[21:53:41] [Server thread/INFO]: Gatomomos joined the game
[21:53:41] [Server thread/INFO]: Gatomomos[/10.119.209.135:59781] logged in with entity id 37 at ([minecraft:overworld]105.39219666163487, 51.0, -230.90620860533988)
[21:54:24] [Server thread/WARN]: Gatomomos moved too quickly! 1.0797083298108276,10.127092626636355,-0.3022372158736175
[21:54:54] [User Authenticator #2/INFO]: UUID of player ADRIANMLG2 is 86b43a72-8172-38a6-b907-37d5f9e039f3
[21:54:56] [Server thread/INFO]: ADRIANMLG2 joined the game
[21:54:56] [Server thread/INFO]: ADRIANMLG2[/10.119.209.97:62890] logged in with entity id 585 at ([minecraft:overworld]-5574.976996378832, 6.0, -5657.70123725976)
[21:59:44] [Server thread/INFO]: Gatomomos issued server command: /home chistrian
[22:00:24] [Server thread/INFO]: ADRIANMLG2 issued server command: /enchant density 5
[22:01:40] [Server thread/INFO]: ADRIANMLG2 issued server command: /home p
[22:02:40] [Server thread/INFO]: ADRIANMLG2 issued server command: /home rola
[22:02:52] [Server thread/INFO]: Gatomomos issued server command: /home aldeanos
[22:04:20] [Server thread/INFO]: ADRIANMLG2 issued server command: /home base
[22:04:44] [Server thread/WARN]: ADRIANMLG2 moved wrongly!
[22:04:55] [Server thread/WARN]: Gatomomos moved too quickly! 0.2536233265082046,0.41999998688697815,10.350114511923039
[22:05:41] [Server thread/INFO]: Gatomomos issued server command: /home barco
[22:06:17] [pool-17-thread-1/INFO]: ClansLite:  Saved all Clans!
[22:06:17] [pool-17-thread-1/INFO]: ClansLite:  Saved all Users!
[22:06:27] [Craft Scheduler Thread - 16 - ClansLite/INFO]: ClansLite:  Cleared all outstanding clan invites!
[22:06:47] [Server thread/INFO]: Environment: Environment[sessionHost=https://sessionserver.mojang.com, servicesHost=https://api.minecraftservices.com, profilesHost=https://api.mojang.com, name=PROD]
[22:06:47] [Server thread/INFO]: Gatomomos was doomed to fall by Shulker
[22:07:06] [Async Chat Thread - #0/INFO]: [Not Secure] <ADRIANMLG2> ./grave tp
[22:07:13] [Server thread/INFO]: Gatomomos issued server command: /grave tp
[22:07:43] [Server thread/WARN]: Gatomomos was kicked for floating too long!
[22:07:43] [Server thread/INFO]: Gatomomos lost connection: Flying is not enabled on this server
[22:07:43] [Server thread/INFO]: Gatomomos left the game
[22:08:13] [User Authenticator #3/INFO]: UUID of player Gatomomos is cffbe749-d456-3312-a5b1-d3e4141d0d6d
[22:08:15] [Server thread/INFO]: Gatomomos joined the game
[22:08:15] [Server thread/INFO]: Gatomomos[/10.119.209.135:60387] logged in with entity id 7862 at ([minecraft:the_end]-5705.259566413205, 79.3382159025353, -4142.492689007741)
[22:08:18] [Server thread/INFO]: Gatomomos fell from a high place
[22:08:25] [Server thread/INFO]: Gatomomos issued server command: /grave tp
[22:09:51] [Server thread/INFO]: ADRIANMLG2 issued server command: /home base
[22:10:04] [Server thread/INFO]: Gatomomos issued server command: /home home
[22:10:24] [Server thread/INFO]: ADRIANMLG2 issued server command: /home base
